# JRE version: Java(TM) SE Runtime Environment (8.0_161-b12) (build 1.8.0_161-b12)
# Java VM: Java HotSpot(TM) 64-Bit Server VM (25.161-b12 mixed mode windows-amd64 compressed oops)
Heap:
 PSYoungGen      total 169984K, used 29322K [0x00000000e0000000, 0x00000000eed00000, 0x0000000100000000)
  eden space 110080K, 25% used [0x00000000e0000000,0x00000000e1ae5668,0x00000000e6b80000)
  from space 59904K, 2% used [0x00000000e6b80000,0x00000000e6d3d3c0,0x00000000ea600000)
  to   space 59392K, 0% used [0x00000000eb300000,0x00000000eb300000,0x00000000eed00000)
 ParOldGen       total 102912K, used 62823K [0x00000000a0000000, 0x00000000a6480000, 0x00000000e0000000)
  object space 102912K, 61% used [0x00000000a0000000,0x00000000a3d59c48,0x00000000a6480000)
 Metaspace       used 92782K, capacity 97815K, committed 99072K, reserved 1134592K
  class space    used 12063K, capacity 13123K, committed 13568K, reserved 1048576K
GC Heap History (10 events):
Event: 1744.447 GC heap before
{Heap before GC invocations=35 (full 3):
 PSYoungGen      total 140288K, used 97947K [0x00000000e0000000, 0x00000000ed000000, 0x0000000100000000)
  eden space 90112K, 57% used [0x00000000e0000000,0x00000000e32b6430,0x00000000e5800000)
  from space 50176K, 91% used [0x00000000e5800000,0x00000000e84f09a8,0x00000000e8900000)
  to   space 56320K, 0% used [0x00000000e9900000,0x00000000e9900000,0x00000000ed000000)
 ParOldGen       total 102912K, used 56121K [0x00000000a0000000, 0x00000000a6480000, 0x00000000e0000000)
  object space 102912K, 54% used [0x00000000a0000000,0x00000000a36ce638,0x00000000a6480000)
 Metaspace       used 92644K, capacity 98413K, committed 98560K, reserved 1134592K
  class space    used 12193K, capacity 13477K, committed 13568K, reserved 1048576K
Event: 1744.533 GC heap after
Heap after GC invocations=35 (full 3):
 PSYoungGen      total 153088K, used 41566K [0x00000000e0000000, 0x00000000edb80000, 0x0000000100000000)
  eden space 96768K, 0% used [0x00000000e0000000,0x00000000e0000000,0x00000000e5e80000)
  from space 56320K, 73% used [0x00000000e9900000,0x00000000ec197bb8,0x00000000ed000000)
  to   space 59904K, 0% used [0x00000000e5e80000,0x00000000e5e80000,0x00000000e9900000)
 ParOldGen       total 102912K, used 56129K [0x00000000a0000000, 0x00000000a6480000, 0x00000000e0000000)
  object space 102912K, 54% used [0x00000000a0000000,0x00000000a36d0638,0x00000000a6480000)
 Metaspace       used 92644K, capacity 98413K, committed 98560K, reserved 1134592K
  class space    used 12193K, capacity 13477K, committed 13568K, reserved 1048576K
}
Event: 1744.533 GC heap before
{Heap before GC invocations=36 (full 4):
 PSYoungGen      total 153088K, used 41566K [0x00000000e0000000, 0x00000000edb80000, 0x0000000100000000)
  eden space 96768K, 0% used [0x00000000e0000000,0x00000000e0000000,0x00000000e5e80000)
  from space 56320K, 73% used [0x00000000e9900000,0x00000000ec197bb8,0x00000000ed000000)
  to   space 59904K, 0% used [0x00000000e5e80000,0x00000000e5e80000,0x00000000e9900000)
 ParOldGen       total 102912K, used 56129K [0x00000000a0000000, 0x00000000a6480000, 0x00000000e0000000)
  object space 102912K, 54% used [0x00000000a0000000,0x00000000a36d0638,0x00000000a6480000)
 Metaspace       used 92644K, capacity 98413K, committed 98560K, reserved 1134592K
  class space    used 12193K, capacity 13477K, committed 13568K, reserved 1048576K
Event: 1747.360 GC heap after
Heap after GC invocations=36 (full 4):
 PSYoungGen      total 153088K, used 0K [0x00000000e0000000, 0x00000000edb80000, 0x0000000100000000)
  eden space 96768K, 0% used [0x00000000e0000000,0x00000000e0000000,0x00000000e5e80000)
  from space 56320K, 0% used [0x00000000e9900000,0x00000000e9900000,0x00000000ed000000)
  to   space 59904K, 0% used [0x00000000e5e80000,0x00000000e5e80000,0x00000000e9900000)
 ParOldGen       total 102912K, used 62807K [0x00000000a0000000, 0x00000000a6480000, 0x00000000e0000000)
  object space 102912K, 61% used [0x00000000a0000000,0x00000000a3d55c48,0x00000000a6480000)
 Metaspace       used 92133K, capacity 97103K, committed 98560K, reserved 1134592K
  class space    used 12034K, capacity 13119K, committed 13568K, reserved 1048576K
}
Event: 1748.937 GC heap before
{Heap before GC invocations=37 (full 4):
 PSYoungGen      total 153088K, used 96768K [0x00000000e0000000, 0x00000000edb80000, 0x0000000100000000)
  eden space 96768K, 100% used [0x00000000e0000000,0x00000000e5e80000,0x00000000e5e80000)
  from space 56320K, 0% used [0x00000000e9900000,0x00000000e9900000,0x00000000ed000000)
  to   space 59904K, 0% used [0x00000000e5e80000,0x00000000e5e80000,0x00000000e9900000)
 ParOldGen       total 102912K, used 62807K [0x00000000a0000000, 0x00000000a6480000, 0x00000000e0000000)
  object space 102912K, 61% used [0x00000000a0000000,0x00000000a3d55c48,0x00000000a6480000)
 Metaspace       used 92290K, capacity 97315K, committed 98560K, reserved 1134592K
  class space    used 12038K, capacity 13119K, committed 13568K, reserved 1048576K
Event: 1748.948 GC heap after
Heap after GC invocations=37 (full 4):
 PSYoungGen      total 156672K, used 3300K [0x00000000e0000000, 0x00000000ee180000, 0x0000000100000000)
  eden space 96768K, 0% used [0x00000000e0000000,0x00000000e0000000,0x00000000e5e80000)
  from space 59904K, 5% used [0x00000000e5e80000,0x00000000e61b91a0,0x00000000e9900000)
  to   space 60416K, 0% used [0x00000000ea680000,0x00000000ea680000,0x00000000ee180000)
 ParOldGen       total 102912K, used 62807K [0x00000000a0000000, 0x00000000a6480000, 0x00000000e0000000)
  object space 102912K, 61% used [0x00000000a0000000,0x00000000a3d55c48,0x00000000a6480000)
 Metaspace       used 92290K, capacity 97315K, committed 98560K, reserved 1134592K
  class space    used 12038K, capacity 13119K, committed 13568K, reserved 1048576K
}
Event: 1749.722 GC heap before
{Heap before GC invocations=38 (full 4):
 PSYoungGen      total 156672K, used 100068K [0x00000000e0000000, 0x00000000ee180000, 0x0000000100000000)
  eden space 96768K, 100% used [0x00000000e0000000,0x00000000e5e80000,0x00000000e5e80000)
  from space 59904K, 5% used [0x00000000e5e80000,0x00000000e61b91a0,0x00000000e9900000)
  to   space 60416K, 0% used [0x00000000ea680000,0x00000000ea680000,0x00000000ee180000)
 ParOldGen       total 102912K, used 62807K [0x00000000a0000000, 0x00000000a6480000, 0x00000000e0000000)
  object space 102912K, 61% used [0x00000000a0000000,0x00000000a3d55c48,0x00000000a6480000)
 Metaspace       used 92472K, capacity 97471K, committed 98816K, reserved 1134592K
  class space    used 12051K, capacity 13121K, committed 13568K, reserved 1048576K
Event: 1749.734 GC heap after
Heap after GC invocations=38 (full 4):
 PSYoungGen      total 169472K, used 3652K [0x00000000e0000000, 0x00000000ee080000, 0x0000000100000000)
  eden space 110080K, 0% used [0x00000000e0000000,0x00000000e0000000,0x00000000e6b80000)
  from space 59392K, 6% used [0x00000000ea680000,0x00000000eaa11190,0x00000000ee080000)
  to   space 59904K, 0% used [0x00000000e6b80000,0x00000000e6b80000,0x00000000ea600000)
 ParOldGen       total 102912K, used 62815K [0x00000000a0000000, 0x00000000a6480000, 0x00000000e0000000)
  object space 102912K, 61% used [0x00000000a0000000,0x00000000a3d57c48,0x00000000a6480000)
 Metaspace       used 92472K, capacity 97471K, committed 98816K, reserved 1134592K
  class space    used 12051K, capacity 13121K, committed 13568K, reserved 1048576K
}
Event: 1752.177 GC heap before
{Heap before GC invocations=39 (full 4):
 PSYoungGen      total 169472K, used 113732K [0x00000000e0000000, 0x00000000ee080000, 0x0000000100000000)
  eden space 110080K, 100% used [0x00000000e0000000,0x00000000e6b80000,0x00000000e6b80000)
  from space 59392K, 6% used [0x00000000ea680000,0x00000000eaa11190,0x00000000ee080000)
  to   space 59904K, 0% used [0x00000000e6b80000,0x00000000e6b80000,0x00000000ea600000)
 ParOldGen       total 102912K, used 62815K [0x00000000a0000000, 0x00000000a6480000, 0x00000000e0000000)
  object space 102912K, 61% used [0x00000000a0000000,0x00000000a3d57c48,0x00000000a6480000)
 Metaspace       used 92747K, capacity 97815K, committed 99072K, reserved 1134592K
  class space    used 12062K, capacity 13123K, committed 13568K, reserved 1048576K
Event: 1752.195 GC heap after
Heap after GC invocations=39 (full 4):
 PSYoungGen      total 169984K, used 1780K [0x00000000e0000000, 0x00000000eed00000, 0x0000000100000000)
  eden space 110080K, 0% used [0x00000000e0000000,0x00000000e0000000,0x00000000e6b80000)
  from space 59904K, 2% used [0x00000000e6b80000,0x00000000e6d3d3c0,0x00000000ea600000)
  to   space 59392K, 0% used [0x00000000eb300000,0x00000000eb300000,0x00000000eed00000)
 ParOldGen       total 102912K, used 62823K [0x00000000a0000000, 0x00000000a6480000, 0x00000000e0000000)
  object space 102912K, 61% used [0x00000000a0000000,0x00000000a3d59c48,0x00000000a6480000)
 Metaspace       used 92747K, capacity 97815K, committed 99072K, reserved 1134592K
  class space    used 12062K, capacity 13123K, committed 13568K, reserved 1048576K
}

