# JRE version: Java(TM) SE Runtime Environment (8.0_161-b12) (build 1.8.0_161-b12)
# Java VM: Java HotSpot(TM) 64-Bit Server VM (25.161-b12 mixed mode windows-amd64 compressed oops)
Heap:
 PSYoungGen      total 233472K, used 208375K [0x00000000e0000000, 0x00000000f1480000, 0x0000000100000000)
  eden space 224768K, 88% used [0x00000000e0000000,0x00000000ec34ff68,0x00000000edb80000)
  from space 8704K, 96% used [0x00000000f0c00000,0x00000000f142dd00,0x00000000f1480000)
  to   space 14336K, 0% used [0x00000000ef880000,0x00000000ef880000,0x00000000f0680000)
 ParOldGen       total 134656K, used 44161K [0x00000000a0000000, 0x00000000a8380000, 0x00000000e0000000)
  object space 134656K, 32% used [0x00000000a0000000,0x00000000a2b205c0,0x00000000a8380000)
 Metaspace       used 89760K, capacity 95350K, committed 98560K, reserved 1134592K
  class space    used 11425K, capacity 12444K, committed 13312K, reserved 1048576K
GC Heap History (10 events):
Event: 3601.402 GC heap before
{Heap before GC invocations=38 (full 3):
 PSYoungGen      total 224768K, used 69545K [0x00000000e0000000, 0x00000000f2f80000, 0x0000000100000000)
  eden space 217088K, 28% used [0x00000000e0000000,0x00000000e3c9f978,0x00000000ed400000)
  from space 7680K, 97% used [0x00000000f2800000,0x00000000f2f4ad40,0x00000000f2f80000)
  to   space 15360K, 0% used [0x00000000f1180000,0x00000000f1180000,0x00000000f2080000)
 ParOldGen       total 93184K, used 68048K [0x00000000a0000000, 0x00000000a5b00000, 0x00000000e0000000)
  object space 93184K, 73% used [0x00000000a0000000,0x00000000a4274378,0x00000000a5b00000)
 Metaspace       used 91443K, capacity 98418K, committed 98560K, reserved 1134592K
  class space    used 11890K, capacity 13231K, committed 13312K, reserved 1048576K
Event: 3601.421 GC heap after
Heap after GC invocations=38 (full 3):
 PSYoungGen      total 212480K, used 3665K [0x00000000e0000000, 0x00000000f2880000, 0x0000000100000000)
  eden space 208384K, 0% used [0x00000000e0000000,0x00000000e0000000,0x00000000ecb80000)
  from space 4096K, 89% used [0x00000000f1180000,0x00000000f15147e0,0x00000000f1580000)
  to   space 15360K, 0% used [0x00000000f1980000,0x00000000f1980000,0x00000000f2880000)
 ParOldGen       total 93184K, used 68056K [0x00000000a0000000, 0x00000000a5b00000, 0x00000000e0000000)
  object space 93184K, 73% used [0x00000000a0000000,0x00000000a4276378,0x00000000a5b00000)
 Metaspace       used 91443K, capacity 98418K, committed 98560K, reserved 1134592K
  class space    used 11890K, capacity 13231K, committed 13312K, reserved 1048576K
}
Event: 3601.458 GC heap before
{Heap before GC invocations=39 (full 4):
 PSYoungGen      total 212480K, used 3665K [0x00000000e0000000, 0x00000000f2880000, 0x0000000100000000)
  eden space 208384K, 0% used [0x00000000e0000000,0x00000000e0000000,0x00000000ecb80000)
  from space 4096K, 89% used [0x00000000f1180000,0x00000000f15147e0,0x00000000f1580000)
  to   space 15360K, 0% used [0x00000000f1980000,0x00000000f1980000,0x00000000f2880000)
 ParOldGen       total 93184K, used 68056K [0x00000000a0000000, 0x00000000a5b00000, 0x00000000e0000000)
  object space 93184K, 73% used [0x00000000a0000000,0x00000000a4276378,0x00000000a5b00000)
 Metaspace       used 91443K, capacity 98418K, committed 98560K, reserved 1134592K
  class space    used 11890K, capacity 13231K, committed 13312K, reserved 1048576K
Event: 3602.845 GC heap after
Heap after GC invocations=39 (full 4):
 PSYoungGen      total 212480K, used 0K [0x00000000e0000000, 0x00000000f2880000, 0x0000000100000000)
  eden space 208384K, 0% used [0x00000000e0000000,0x00000000e0000000,0x00000000ecb80000)
  from space 4096K, 0% used [0x00000000f1180000,0x00000000f1180000,0x00000000f1580000)
  to   space 15360K, 0% used [0x00000000f1980000,0x00000000f1980000,0x00000000f2880000)
 ParOldGen       total 134656K, used 44137K [0x00000000a0000000, 0x00000000a8380000, 0x00000000e0000000)
  object space 134656K, 32% used [0x00000000a0000000,0x00000000a2b1a5c0,0x00000000a8380000)
 Metaspace       used 89348K, capacity 94850K, committed 98560K, reserved 1134592K
  class space    used 11397K, capacity 12394K, committed 13312K, reserved 1048576K
}
Event: 3679.043 GC heap before
{Heap before GC invocations=40 (full 4):
 PSYoungGen      total 212480K, used 207797K [0x00000000e0000000, 0x00000000f2880000, 0x0000000100000000)
  eden space 208384K, 99% used [0x00000000e0000000,0x00000000ecaed518,0x00000000ecb80000)
  from space 4096K, 0% used [0x00000000f1180000,0x00000000f1180000,0x00000000f1580000)
  to   space 15360K, 0% used [0x00000000f1980000,0x00000000f1980000,0x00000000f2880000)
 ParOldGen       total 134656K, used 44137K [0x00000000a0000000, 0x00000000a8380000, 0x00000000e0000000)
  object space 134656K, 32% used [0x00000000a0000000,0x00000000a2b1a5c0,0x00000000a8380000)
 Metaspace       used 89485K, capacity 95106K, committed 98560K, reserved 1134592K
  class space    used 11415K, capacity 12426K, committed 13312K, reserved 1048576K
Event: 3679.077 GC heap after
Heap after GC invocations=40 (full 4):
 PSYoungGen      total 222208K, used 7398K [0x00000000e0000000, 0x00000000f2100000, 0x0000000100000000)
  eden space 214528K, 0% used [0x00000000e0000000,0x00000000e0000000,0x00000000ed180000)
  from space 7680K, 96% used [0x00000000f1980000,0x00000000f20b99e8,0x00000000f2100000)
  to   space 15360K, 0% used [0x00000000f0300000,0x00000000f0300000,0x00000000f1200000)
 ParOldGen       total 134656K, used 44145K [0x00000000a0000000, 0x00000000a8380000, 0x00000000e0000000)
  object space 134656K, 32% used [0x00000000a0000000,0x00000000a2b1c5c0,0x00000000a8380000)
 Metaspace       used 89485K, capacity 95106K, committed 98560K, reserved 1134592K
  class space    used 11415K, capacity 12426K, committed 13312K, reserved 1048576K
}
Event: 3756.486 GC heap before
{Heap before GC invocations=41 (full 4):
 PSYoungGen      total 222208K, used 221926K [0x00000000e0000000, 0x00000000f2100000, 0x0000000100000000)
  eden space 214528K, 100% used [0x00000000e0000000,0x00000000ed180000,0x00000000ed180000)
  from space 7680K, 96% used [0x00000000f1980000,0x00000000f20b99e8,0x00000000f2100000)
  to   space 15360K, 0% used [0x00000000f0300000,0x00000000f0300000,0x00000000f1200000)
 ParOldGen       total 134656K, used 44145K [0x00000000a0000000, 0x00000000a8380000, 0x00000000e0000000)
  object space 134656K, 32% used [0x00000000a0000000,0x00000000a2b1c5c0,0x00000000a8380000)
 Metaspace       used 89568K, capacity 95154K, committed 98560K, reserved 1134592K
  class space    used 11419K, capacity 12434K, committed 13312K, reserved 1048576K
Event: 3756.508 GC heap after
Heap after GC invocations=41 (full 4):
 PSYoungGen      total 228864K, used 9203K [0x00000000e0000000, 0x00000000f1a00000, 0x0000000100000000)
  eden space 219648K, 0% used [0x00000000e0000000,0x00000000e0000000,0x00000000ed680000)
  from space 9216K, 99% used [0x00000000f0300000,0x00000000f0bfcfb0,0x00000000f0c00000)
  to   space 14336K, 0% used [0x00000000f0c00000,0x00000000f0c00000,0x00000000f1a00000)
 ParOldGen       total 134656K, used 44153K [0x00000000a0000000, 0x00000000a8380000, 0x00000000e0000000)
  object space 134656K, 32% used [0x00000000a0000000,0x00000000a2b1e5c0,0x00000000a8380000)
 Metaspace       used 89568K, capacity 95154K, committed 98560K, reserved 1134592K
  class space    used 11419K, capacity 12434K, committed 13312K, reserved 1048576K
}
Event: 3794.294 GC heap before
{Heap before GC invocations=42 (full 4):
 PSYoungGen      total 228864K, used 228851K [0x00000000e0000000, 0x00000000f1a00000, 0x0000000100000000)
  eden space 219648K, 100% used [0x00000000e0000000,0x00000000ed680000,0x00000000ed680000)
  from space 9216K, 99% used [0x00000000f0300000,0x00000000f0bfcfb0,0x00000000f0c00000)
  to   space 14336K, 0% used [0x00000000f0c00000,0x00000000f0c00000,0x00000000f1a00000)
 ParOldGen       total 134656K, used 44153K [0x00000000a0000000, 0x00000000a8380000, 0x00000000e0000000)
  object space 134656K, 32% used [0x00000000a0000000,0x00000000a2b1e5c0,0x00000000a8380000)
 Metaspace       used 89646K, capacity 95244K, committed 98560K, reserved 1134592K
  class space    used 11421K, capacity 12437K, committed 13312K, reserved 1048576K
Event: 3794.317 GC heap after
Heap after GC invocations=42 (full 4):
 PSYoungGen      total 233472K, used 8375K [0x00000000e0000000, 0x00000000f1480000, 0x0000000100000000)
  eden space 224768K, 0% used [0x00000000e0000000,0x00000000e0000000,0x00000000edb80000)
  from space 8704K, 96% used [0x00000000f0c00000,0x00000000f142dd00,0x00000000f1480000)
  to   space 14336K, 0% used [0x00000000ef880000,0x00000000ef880000,0x00000000f0680000)
 ParOldGen       total 134656K, used 44161K [0x00000000a0000000, 0x00000000a8380000, 0x00000000e0000000)
  object space 134656K, 32% used [0x00000000a0000000,0x00000000a2b205c0,0x00000000a8380000)
 Metaspace       used 89646K, capacity 95244K, committed 98560K, reserved 1134592K
  class space    used 11421K, capacity 12437K, committed 13312K, reserved 1048576K
}

