# JRE version: Java(TM) SE Runtime Environment (8.0_161-b12) (build 1.8.0_161-b12)
# Java VM: Java HotSpot(TM) 64-Bit Server VM (25.161-b12 mixed mode windows-amd64 compressed oops)
Heap:
 PSYoungGen      total 260608K, used 97619K [0x00000000e0000000, 0x00000000f2c00000, 0x0000000100000000)
  eden space 232448K, 29% used [0x00000000e0000000,0x00000000e43dabc0,0x00000000ee300000)
  from space 28160K, 99% used [0x00000000f0400000,0x00000000f1f7a2b0,0x00000000f1f80000)
  to   space 33792K, 0% used [0x00000000ee300000,0x00000000ee300000,0x00000000f0400000)
 ParOldGen       total 101376K, used 46496K [0x00000000a0000000, 0x00000000a6300000, 0x00000000e0000000)
  object space 101376K, 45% used [0x00000000a0000000,0x00000000a2d68170,0x00000000a6300000)
 Metaspace       used 75811K, capacity 78644K, committed 78848K, reserved 1118208K
  class space    used 10015K, capacity 10671K, committed 10752K, reserved 1048576K
GC Heap History (10 events):
Event: 32.217 GC heap before
{Heap before GC invocations=13 (full 2):
 PSYoungGen      total 175104K, used 120303K [0x00000000e0000000, 0x00000000ec780000, 0x0000000100000000)
  eden space 158208K, 65% used [0x00000000e0000000,0x00000000e64fc720,0x00000000e9a80000)
  from space 16896K, 99% used [0x00000000eaf00000,0x00000000ebf7f580,0x00000000ebf80000)
  to   space 20992K, 0% used [0x00000000e9a80000,0x00000000e9a80000,0x00000000eaf00000)
 ParOldGen       total 62464K, used 22412K [0x00000000a0000000, 0x00000000a3d00000, 0x00000000e0000000)
  object space 62464K, 35% used [0x00000000a0000000,0x00000000a15e3038,0x00000000a3d00000)
 Metaspace       used 57146K, capacity 58964K, committed 59136K, reserved 1099776K
  class space    used 8012K, capacity 8439K, committed 8448K, reserved 1048576K
Event: 32.289 GC heap after
Heap after GC invocations=13 (full 2):
 PSYoungGen      total 179200K, used 20965K [0x00000000e0000000, 0x00000000f0480000, 0x0000000100000000)
  eden space 158208K, 0% used [0x00000000e0000000,0x00000000e0000000,0x00000000e9a80000)
  from space 20992K, 99% used [0x00000000e9a80000,0x00000000eaef9510,0x00000000eaf00000)
  to   space 26624K, 0% used [0x00000000eea80000,0x00000000eea80000,0x00000000f0480000)
 ParOldGen       total 62464K, used 28899K [0x00000000a0000000, 0x00000000a3d00000, 0x00000000e0000000)
  object space 62464K, 46% used [0x00000000a0000000,0x00000000a1c38d70,0x00000000a3d00000)
 Metaspace       used 57146K, capacity 58964K, committed 59136K, reserved 1099776K
  class space    used 8012K, capacity 8439K, committed 8448K, reserved 1048576K
}
Event: 32.289 GC heap before
{Heap before GC invocations=14 (full 3):
 PSYoungGen      total 179200K, used 20965K [0x00000000e0000000, 0x00000000f0480000, 0x0000000100000000)
  eden space 158208K, 0% used [0x00000000e0000000,0x00000000e0000000,0x00000000e9a80000)
  from space 20992K, 99% used [0x00000000e9a80000,0x00000000eaef9510,0x00000000eaf00000)
  to   space 26624K, 0% used [0x00000000eea80000,0x00000000eea80000,0x00000000f0480000)
 ParOldGen       total 62464K, used 28899K [0x00000000a0000000, 0x00000000a3d00000, 0x00000000e0000000)
  object space 62464K, 46% used [0x00000000a0000000,0x00000000a1c38d70,0x00000000a3d00000)
 Metaspace       used 57146K, capacity 58964K, committed 59136K, reserved 1099776K
  class space    used 8012K, capacity 8439K, committed 8448K, reserved 1048576K
Event: 32.784 GC heap after
Heap after GC invocations=14 (full 3):
 PSYoungGen      total 179200K, used 0K [0x00000000e0000000, 0x00000000f0480000, 0x0000000100000000)
  eden space 158208K, 0% used [0x00000000e0000000,0x00000000e0000000,0x00000000e9a80000)
  from space 20992K, 0% used [0x00000000e9a80000,0x00000000e9a80000,0x00000000eaf00000)
  to   space 26624K, 0% used [0x00000000eea80000,0x00000000eea80000,0x00000000f0480000)
 ParOldGen       total 101376K, used 42772K [0x00000000a0000000, 0x00000000a6300000, 0x00000000e0000000)
  object space 101376K, 42% used [0x00000000a0000000,0x00000000a29c53e8,0x00000000a6300000)
 Metaspace       used 57146K, capacity 58964K, committed 59136K, reserved 1099776K
  class space    used 8012K, capacity 8439K, committed 8448K, reserved 1048576K
}
Event: 59.109 GC heap before
{Heap before GC invocations=15 (full 3):
 PSYoungGen      total 179200K, used 158208K [0x00000000e0000000, 0x00000000f0480000, 0x0000000100000000)
  eden space 158208K, 100% used [0x00000000e0000000,0x00000000e9a80000,0x00000000e9a80000)
  from space 20992K, 0% used [0x00000000e9a80000,0x00000000e9a80000,0x00000000eaf00000)
  to   space 26624K, 0% used [0x00000000eea80000,0x00000000eea80000,0x00000000f0480000)
 ParOldGen       total 101376K, used 42772K [0x00000000a0000000, 0x00000000a6300000, 0x00000000e0000000)
  object space 101376K, 42% used [0x00000000a0000000,0x00000000a29c53e8,0x00000000a6300000)
 Metaspace       used 63887K, capacity 65954K, committed 66048K, reserved 1105920K
  class space    used 8715K, capacity 9208K, committed 9216K, reserved 1048576K
Event: 59.164 GC heap after
Heap after GC invocations=15 (full 3):
 PSYoungGen      total 215552K, used 18079K [0x00000000e0000000, 0x00000000efc80000, 0x0000000100000000)
  eden space 197120K, 0% used [0x00000000e0000000,0x00000000e0000000,0x00000000ec080000)
  from space 18432K, 98% used [0x00000000eea80000,0x00000000efc27e80,0x00000000efc80000)
  to   space 27648K, 0% used [0x00000000ec680000,0x00000000ec680000,0x00000000ee180000)
 ParOldGen       total 101376K, used 42780K [0x00000000a0000000, 0x00000000a6300000, 0x00000000e0000000)
  object space 101376K, 42% used [0x00000000a0000000,0x00000000a29c73e8,0x00000000a6300000)
 Metaspace       used 63887K, capacity 65954K, committed 66048K, reserved 1105920K
  class space    used 8715K, capacity 9208K, committed 9216K, reserved 1048576K
}
Event: 117.644 GC heap before
{Heap before GC invocations=16 (full 3):
 PSYoungGen      total 215552K, used 215199K [0x00000000e0000000, 0x00000000efc80000, 0x0000000100000000)
  eden space 197120K, 100% used [0x00000000e0000000,0x00000000ec080000,0x00000000ec080000)
  from space 18432K, 98% used [0x00000000eea80000,0x00000000efc27e80,0x00000000efc80000)
  to   space 27648K, 0% used [0x00000000ec680000,0x00000000ec680000,0x00000000ee180000)
 ParOldGen       total 101376K, used 42780K [0x00000000a0000000, 0x00000000a6300000, 0x00000000e0000000)
  object space 101376K, 42% used [0x00000000a0000000,0x00000000a29c73e8,0x00000000a6300000)
 Metaspace       used 66857K, capacity 69166K, committed 69248K, reserved 1110016K
  class space    used 8985K, capacity 9534K, committed 9600K, reserved 1048576K
Event: 117.680 GC heap after
Heap after GC invocations=16 (full 3):
 PSYoungGen      total 230912K, used 17907K [0x00000000e0000000, 0x00000000f1f80000, 0x0000000100000000)
  eden space 203264K, 0% used [0x00000000e0000000,0x00000000e0000000,0x00000000ec680000)
  from space 27648K, 64% used [0x00000000ec680000,0x00000000ed7fccf8,0x00000000ee180000)
  to   space 28160K, 0% used [0x00000000f0400000,0x00000000f0400000,0x00000000f1f80000)
 ParOldGen       total 101376K, used 42788K [0x00000000a0000000, 0x00000000a6300000, 0x00000000e0000000)
  object space 101376K, 42% used [0x00000000a0000000,0x00000000a29c93e8,0x00000000a6300000)
 Metaspace       used 66857K, capacity 69166K, committed 69248K, reserved 1110016K
  class space    used 8985K, capacity 9534K, committed 9600K, reserved 1048576K
}
Event: 140.822 GC heap before
{Heap before GC invocations=17 (full 3):
 PSYoungGen      total 230912K, used 221171K [0x00000000e0000000, 0x00000000f1f80000, 0x0000000100000000)
  eden space 203264K, 100% used [0x00000000e0000000,0x00000000ec680000,0x00000000ec680000)
  from space 27648K, 64% used [0x00000000ec680000,0x00000000ed7fccf8,0x00000000ee180000)
  to   space 28160K, 0% used [0x00000000f0400000,0x00000000f0400000,0x00000000f1f80000)
 ParOldGen       total 101376K, used 42788K [0x00000000a0000000, 0x00000000a6300000, 0x00000000e0000000)
  object space 101376K, 42% used [0x00000000a0000000,0x00000000a29c93e8,0x00000000a6300000)
 Metaspace       used 72212K, capacity 74714K, committed 74752K, reserved 1114112K
  class space    used 9625K, capacity 10236K, committed 10240K, reserved 1048576K
Event: 140.876 GC heap after
Heap after GC invocations=17 (full 3):
 PSYoungGen      total 260608K, used 28136K [0x00000000e0000000, 0x00000000f2c00000, 0x0000000100000000)
  eden space 232448K, 0% used [0x00000000e0000000,0x00000000e0000000,0x00000000ee300000)
  from space 28160K, 99% used [0x00000000f0400000,0x00000000f1f7a2b0,0x00000000f1f80000)
  to   space 33792K, 0% used [0x00000000ee300000,0x00000000ee300000,0x00000000f0400000)
 ParOldGen       total 101376K, used 46496K [0x00000000a0000000, 0x00000000a6300000, 0x00000000e0000000)
  object space 101376K, 45% used [0x00000000a0000000,0x00000000a2d68170,0x00000000a6300000)
 Metaspace       used 72212K, capacity 74714K, committed 74752K, reserved 1114112K
  class space    used 9625K, capacity 10236K, committed 10240K, reserved 1048576K
}

